SF:lib\src\cart\cart_bloc.dart
DA:11,0
DA:12,0
DA:18,1
DA:24,0
DA:31,1
DA:38,1
DA:48,1
DA:51,4
DA:53,1
DA:54,3
DA:59,3
DA:60,2
DA:61,2
DA:62,2
DA:63,2
DA:64,2
DA:68,1
DA:69,3
DA:70,1
DA:71,6
DA:74,1
DA:76,1
DA:77,4
DA:80,3
DA:83,3
DA:87,0
DA:88,0
DA:89,0
DA:90,0
DA:91,0
DA:95,1
DA:96,2
DA:97,0
DA:101,4
DA:102,4
DA:103,2
DA:106,1
DA:108,3
DA:112,1
DA:113,1
DA:114,2
DA:115,1
DA:117,4
DA:118,4
DA:119,1
DA:122,1
DA:124,3
DA:128,1
DA:129,2
DA:133,1
DA:134,4
DA:135,1
DA:136,1
DA:137,1
DA:141,0
DA:144,0
DA:145,0
DA:146,0
DA:147,0
DA:148,0
DA:155,1
DA:157,1
DA:158,5
DA:159,2
LF:64
LH:49
end_of_record
SF:lib\src\catalog\models\item.dart
DA:8,1
DA:10,0
DA:11,0
DA:12,0
DA:13,0
DA:14,0
DA:18,1
DA:19,4
DA:22,1
DA:23,4
LF:10
LH:5
end_of_record
SF:lib\utils\money_extension.dart
DA:2,2
LF:1
LH:1
end_of_record
SF:lib\src\cart\models\cart_line.dart
DA:9,1
DA:11,8
DA:13,1
DA:14,4
DA:16,1
DA:17,1
DA:18,1
DA:19,1
DA:20,1
DA:24,0
DA:25,0
DA:26,0
DA:27,0
DA:28,0
DA:32,1
DA:33,5
LF:16
LH:11
end_of_record
SF:lib\src\cart\models\cart_totals.dart
DA:8,1
DA:14,2
DA:16,1
DA:17,4
DA:19,0
DA:20,0
DA:21,0
DA:22,0
DA:23,0
DA:27,1
DA:28,4
LF:11
LH:6
end_of_record
